<?xml version="1.0" encoding="UTF-8"?><testsuite errors="1" failures="0" name="basic trading function check" skipped="0" tests="1" time="34.81" timestamp="2018-08-15 02:19:11"><testcase name="User Go To Bitcoin-IDR Trading"><error message="Cannot locate an element using By.xpath: //div[@class='MakeResponsive-iRTIta FItHU sc-jTzLTM gdBFAz']//tbody//tr[2]&#10;For documentation on this error, please visit: http://seleniumhq.org/exceptions/no_such_element.html&#10;Build info: version: '3.13.0', revision: '2f0d292', time: '2018-06-25T15:24:21.231Z'&#10;System info: host: 'THM-PC-029', ip: '10.177.16.211', os.name: 'Windows 7', os.arch: 'amd64', os.version: '6.1', java.version: '1.8.0_111'&#10;Driver info: driver.version: unknown&#10;For documentation on this error, please visit: http://seleniumhq.org/exceptions/no_such_element.html&#10;Build info: version: '3.13.0', revision: '2f0d292', time: '2018-06-25T15:24:21.231Z'&#10;System info: host: 'THM-PC-029', ip: '10.177.16.211', os.name: 'Windows 7', os.arch: 'amd64', os.version: '6.1', java.version: '1.8.0_111'&#10;Driver info: driver.version: unknown" type="org.openqa.selenium.NoSuchElementException">Cannot locate an element using By.xpath: //div[@class='MakeResponsive-iRTIta FItHU sc-jTzLTM gdBFAz']//tbody//tr[2]
For documentation on this error, please visit: http://seleniumhq.org/exceptions/no_such_element.html
Build info: version: '3.13.0', revision: '2f0d292', time: '2018-06-25T15:24:21.231Z'
System info: host: 'THM-PC-029', ip: '10.177.16.211', os.name: 'Windows 7', os.arch: 'amd64', os.version: '6.1', java.version: '1.8.0_111'
Driver info: driver.version: unknown
For documentation on this error, please visit: http://seleniumhq.org/exceptions/no_such_element.html
Build info: version: '3.13.0', revision: '2f0d292', time: '2018-06-25T15:24:21.231Z'
System info: host: 'THM-PC-029', ip: '10.177.16.211', os.name: 'Windows 7', os.arch: 'amd64', os.version: '6.1', java.version: '1.8.0_111'
Driver info: driver.version: unknown</error><system-err>Cannot locate an element using By.xpath: //div[@class='MakeResponsive-iRTIta FItHU sc-jTzLTM gdBFAz']//tbody//tr[2]
For documentation on this error, please visit: http://seleniumhq.org/exceptions/no_such_element.html
Build info: version: '3.13.0', revision: '2f0d292', time: '2018-06-25T15:24:21.231Z'
System info: host: 'THM-PC-029', ip: '10.177.16.211', os.name: 'Windows 7', os.arch: 'amd64', os.version: '6.1', java.version: '1.8.0_111'
Driver info: driver.version: unknown
For documentation on this error, please visit: http://seleniumhq.org/exceptions/no_such_element.html
Build info: version: '3.13.0', revision: '2f0d292', time: '2018-06-25T15:24:21.231Z'
System info: host: 'THM-PC-029', ip: '10.177.16.211', os.name: 'Windows 7', os.arch: 'amd64', os.version: '6.1', java.version: '1.8.0_111'
Driver info: driver.version: unknown&#13;
com.gdn.qa.module.ui.training.pages.HomePage.clickBitcoinIdrPair(HomePage.java:40)&#13;
com.gdn.qa.module.ui.training.steps.KitadelTradingSteps.userClickedOnBitcoinIdrPair(KitadelTradingSteps.java:62)&#13;
cucumber.runner.Runner.runPickle(Runner.java:80)&#13;
</system-err></testcase></testsuite>